<?xml version="1.0" encoding="UTF-8"?>
<testsuite xmlns:xsi="http://www.w3.org/2001/XMLSchema-instance" xsi:noNamespaceSchemaLocation="https://maven.apache.org/surefire/maven-surefire-plugin/xsd/surefire-test-report.xsd" name="runner.TestRunner" time="88.888" tests="14" errors="0" skipped="0" failures="0">
  <properties>
[...]
</properties>
  <testcase name="Login with valid credentials #1" classname="Login Functionality" time="7.311"/>
  <testcase name="Login with valid credentials #2" classname="Login Functionality" time="5.34"/>
  <testcase name="Login with valid credentials #3" classname="Login Functionality" time="4.845"/>
  <testcase name="Login with invalid credentials" classname="Login Functionality" time="4.591"/>
  <testcase name="Login with valid email and invalid password" classname="Login Functionality" time="4.494"/>
  <testcase name="Login with invalid email and valid password" classname="Login Functionality" time="4.653"/>
  <testcase name="Login without providing any credentials" classname="Login Functionality" time="4.522"/>
  <testcase name="User creates an account only with mandatory fields" classname="Register functionality" time="5.958"/>
  <testcase name="User creates an account with all fields" classname="Register functionality" time="5.693"/>
  <testcase name="User creates a duplicate account" classname="Register functionality" time="5.675"/>
  <testcase name="User creates an account without filling any details" classname="Register functionality" time="5.911"/>
  <testcase name="User search for a valid product #1" classname="Search functionality" time="7.922"/>
  <testcase name="User search for a valid product #2" classname="Search functionality" time="4.458"/>
  <testcase name="User search without any product" classname="Search functionality" time="3.631"/>
</testsuite>